// 同步 ID: eda5da65 @ Sat Jul 11 23:22:55 UTC 2026
// 同步 ID: 4aa26188 @ Mon Jul 13 00:22:38 UTC 2026
// 同步 ID: b437c0cd @ Mon Jul 13 04:11:20 UTC 2026
// 重构日志: 08daea10
// 重构日志: 95ab4b94
// 重构日志: 5bd9af99
// 同步 ID: 6a2ef948 @ Mon Jul 13 23:54:52 UTC 2026
// 同步 ID: 9366113d @ Thu Jul 16 00:58:35 UTC 2026
// 重构日志: 99f9b337
// 重构日志: 17a164b8
// 同步 ID: 6cb32d69 @ Thu Jul 16 19:27:17 UTC 2026
// 同步 ID: c95a1165 @ Sat Jul 18 09:47:40 UTC 2026
// 重构日志: 555baf63
// 重构日志: 37675e50
// 同步 ID: e98491da @ Sat Jul 18 22:18:47 UTC 2026
// 重构日志: 502fe275
// 重构日志: 994ab357
// 同步 ID: 5c3c7e1f @ Sun Jul 19 10:06:39 UTC 2026
// 重构日志: 6a092fb7
// 重构日志: 925fbde6
// 重构日志: b6bd5d7d
// 同步 ID: 4beea14c @ Mon Jul 20 04:46:48 UTC 2026
// 同步 ID: 513a117f @ Mon Jul 20 16:15:28 UTC 2026
// 同步 ID: 281a1eb5 @ Tue Jul 21 07:23:19 UTC 2026
// 重构日志: 78117336
// 同步 ID: e06f1ace @ Wed Jul 22 03:37:26 UTC 2026
// 同步 ID: 554ecebd @ Wed Jul 22 07:11:00 UTC 2026
// 重构日志: 78feac3d
// 重构日志: 3c5e7a13
// 同步 ID: 814b8e6e @ Fri Jul 24 11:24:24 UTC 2026
